2018-11-12 22:24:38,803 INFO: ML API -> Fitting classifier... [in /home/anthony/workspace/flask-speech-api/app/api/words.py:231]
2018-11-12 22:24:38,953 INFO: ML API -> Fitting classifier... [in /home/anthony/workspace/flask-speech-api/app/api/words.py:231]
2018-11-12 22:24:39,127 INFO: ML API -> Fitting classifier... [in /home/anthony/workspace/flask-speech-api/app/api/words.py:231]
2018-11-12 22:24:39,284 INFO: ML API -> Fitting classifier... [in /home/anthony/workspace/flask-speech-api/app/api/words.py:231]
2018-11-12 22:24:39,426 INFO: ML API -> Fitting classifier... [in /home/anthony/workspace/flask-speech-api/app/api/words.py:231]
2018-11-12 22:24:39,534 INFO: ML API -> Fitting classifier... [in /home/anthony/workspace/flask-speech-api/app/api/words.py:231]
2018-11-12 22:24:39,689 INFO: ML API -> Fitting classifier... [in /home/anthony/workspace/flask-speech-api/app/api/words.py:231]
2018-11-12 22:24:39,848 INFO: ML API -> Fitting classifier... [in /home/anthony/workspace/flask-speech-api/app/api/words.py:231]
2018-11-12 22:24:41,696 INFO: Speech API startup [in ./app/__init__.py:42]
2018-11-12 22:24:41,716 INFO: ML API -> EVAL-ID: 416, WORD-ID: 44, WORD: anel, WD-PATH: ./app/audios/[18-11-12 22:24:38]d4879d3754bd4da7fc895d5de3af289d.wav [in ./app/tasks.py:19]
2018-11-12 22:24:42,861 INFO: ML API -> Predicted: 1 [in ./app/tasks.py:31]
2018-11-12 22:24:44,589 INFO: Speech API startup [in ./app/__init__.py:42]
2018-11-12 22:24:44,598 INFO: ML API -> EVAL-ID: 417, WORD-ID: 44, WORD: anel, WD-PATH: ./app/audios/[18-11-12 22:24:40]f221f30ea29d5a15476df8876954b7d3.wav [in ./app/tasks.py:19]
2018-11-12 22:24:45,640 INFO: ML API -> Predicted: 1 [in ./app/tasks.py:31]
2018-11-12 22:24:48,378 INFO: Speech API startup [in ./app/__init__.py:42]
2018-11-12 22:24:48,389 INFO: ML API -> EVAL-ID: 418, WORD-ID: 44, WORD: anel, WD-PATH: ./app/audios/[18-11-12 22:24:42]cde9cbb0694bbad8f1ca1c5cf864e918.wav [in ./app/tasks.py:19]
2018-11-12 22:24:49,441 INFO: ML API -> Predicted: 1 [in ./app/tasks.py:31]
2018-11-12 22:24:51,143 INFO: Speech API startup [in ./app/__init__.py:42]
2018-11-12 22:24:51,160 INFO: ML API -> EVAL-ID: 419, WORD-ID: 44, WORD: anel, WD-PATH: ./app/audios/[18-11-12 22:24:42]d8d1ca37784f2d239b61b00157dbf70c.wav [in ./app/tasks.py:19]
2018-11-12 22:24:52,234 INFO: ML API -> Predicted: 1 [in ./app/tasks.py:31]
2018-11-12 22:24:53,758 INFO: Speech API startup [in ./app/__init__.py:42]
2018-11-12 22:24:53,769 INFO: ML API -> EVAL-ID: 420, WORD-ID: 44, WORD: anel, WD-PATH: ./app/audios/[18-11-12 22:24:42]c1416c4e8dfcdb19f18d7ac08338fb37.wav [in ./app/tasks.py:19]
2018-11-12 22:24:54,656 INFO: ML API -> Predicted: 1 [in ./app/tasks.py:31]
2018-11-12 22:24:56,066 INFO: Speech API startup [in ./app/__init__.py:42]
2018-11-12 22:24:56,074 INFO: ML API -> EVAL-ID: 416, WORD-ID: 39, WORD: barriga, WD-PATH: ./app/audios/[18-11-12 22:24:43]094c7664c780f4fe2434a217f6010db7.wav [in ./app/tasks.py:19]
2018-11-12 22:24:56,924 INFO: ML API -> Predicted: 1 [in ./app/tasks.py:31]
2018-11-12 22:24:58,381 INFO: Speech API startup [in ./app/__init__.py:42]
2018-11-12 22:24:58,390 INFO: ML API -> EVAL-ID: 417, WORD-ID: 39, WORD: barriga, WD-PATH: ./app/audios/[18-11-12 22:24:43]eb52a0eef7e7c6acd246c6dd637acdef.wav [in ./app/tasks.py:19]
2018-11-12 22:24:59,304 INFO: ML API -> Predicted: 1 [in ./app/tasks.py:31]
2018-11-12 22:25:00,740 INFO: Speech API startup [in ./app/__init__.py:42]
2018-11-12 22:25:00,750 INFO: ML API -> EVAL-ID: 418, WORD-ID: 39, WORD: barriga, WD-PATH: ./app/audios/[18-11-12 22:24:44]240610a3ca3aec4ba3b5da0687a2ae7e.wav [in ./app/tasks.py:19]
2018-11-12 22:25:01,619 INFO: ML API -> Predicted: 1 [in ./app/tasks.py:31]
2018-11-12 22:25:03,107 INFO: Speech API startup [in ./app/__init__.py:42]
2018-11-12 22:25:03,121 INFO: ML API -> EVAL-ID: 419, WORD-ID: 39, WORD: barriga, WD-PATH: ./app/audios/[18-11-12 22:24:44]a39d9fd5063a67e716e5941962d60715.wav [in ./app/tasks.py:19]
2018-11-12 22:25:03,991 INFO: ML API -> Predicted: 1 [in ./app/tasks.py:31]
2018-11-12 22:25:05,417 INFO: Speech API startup [in ./app/__init__.py:42]
2018-11-12 22:25:05,426 INFO: ML API -> EVAL-ID: 420, WORD-ID: 39, WORD: barriga, WD-PATH: ./app/audios/[18-11-12 22:24:44]bf9d561eb6a3c76e62a7177f8f8c78c2.wav [in ./app/tasks.py:19]
2018-11-12 22:25:06,307 INFO: ML API -> Predicted: 1 [in ./app/tasks.py:31]
2018-11-12 22:25:07,811 INFO: Speech API startup [in ./app/__init__.py:42]
2018-11-12 22:25:07,822 INFO: ML API -> EVAL-ID: 416, WORD-ID: 73, WORD: batom, WD-PATH: ./app/audios/[18-11-12 22:24:45]c961e13cf4cb7314005ff69dfbdba5b6.wav [in ./app/tasks.py:19]
2018-11-12 22:25:08,697 INFO: ML API -> Predicted: 1 [in ./app/tasks.py:31]
2018-11-12 22:25:10,205 INFO: Speech API startup [in ./app/__init__.py:42]
2018-11-12 22:25:10,213 INFO: ML API -> EVAL-ID: 417, WORD-ID: 73, WORD: batom, WD-PATH: ./app/audios/[18-11-12 22:24:45]d0631db64895d8fa5af071d920f128b4.wav [in ./app/tasks.py:19]
2018-11-12 22:25:11,069 INFO: ML API -> Predicted: 1 [in ./app/tasks.py:31]
2018-11-12 22:25:12,567 INFO: Speech API startup [in ./app/__init__.py:42]
2018-11-12 22:25:12,576 INFO: ML API -> EVAL-ID: 418, WORD-ID: 73, WORD: batom, WD-PATH: ./app/audios/[18-11-12 22:24:46]deb47c4713d5e4f132ff2c215a4889a0.wav [in ./app/tasks.py:19]
2018-11-12 22:25:13,487 INFO: ML API -> Predicted: 1 [in ./app/tasks.py:31]
2018-11-12 22:25:14,954 INFO: Speech API startup [in ./app/__init__.py:42]
2018-11-12 22:25:14,962 INFO: ML API -> EVAL-ID: 419, WORD-ID: 73, WORD: batom, WD-PATH: ./app/audios/[18-11-12 22:24:47]4e06c86e70f8ad8f719146a71daefd5b.wav [in ./app/tasks.py:19]
2018-11-12 22:25:15,840 INFO: ML API -> Predicted: 1 [in ./app/tasks.py:31]
2018-11-12 22:25:17,327 INFO: Speech API startup [in ./app/__init__.py:42]
2018-11-12 22:25:17,337 INFO: ML API -> EVAL-ID: 420, WORD-ID: 73, WORD: batom, WD-PATH: ./app/audios/[18-11-12 22:24:47]f254da15f01c86dab3100ab55b26036a.wav [in ./app/tasks.py:19]
2018-11-12 22:25:18,223 INFO: ML API -> Predicted: 1 [in ./app/tasks.py:31]
2018-11-12 22:25:19,650 INFO: Speech API startup [in ./app/__init__.py:42]
2018-11-12 22:25:19,660 INFO: ML API -> EVAL-ID: 416, WORD-ID: 16, WORD: beijo, WD-PATH: ./app/audios/[18-11-12 22:24:48]78d0578638959098dde8b0c960a7d7dc.wav [in ./app/tasks.py:19]
2018-11-12 22:25:20,549 INFO: ML API -> Predicted: 0 [in ./app/tasks.py:31]
2018-11-12 22:25:21,995 INFO: Speech API startup [in ./app/__init__.py:42]
2018-11-12 22:25:22,004 INFO: ML API -> EVAL-ID: 417, WORD-ID: 16, WORD: beijo, WD-PATH: ./app/audios/[18-11-12 22:24:48]e56cb1ce681b554b3ba58d84a23fda87.wav [in ./app/tasks.py:19]
2018-11-12 22:25:22,929 INFO: ML API -> Predicted: 0 [in ./app/tasks.py:31]
2018-11-12 22:25:24,366 INFO: Speech API startup [in ./app/__init__.py:42]
2018-11-12 22:25:24,375 INFO: ML API -> EVAL-ID: 418, WORD-ID: 16, WORD: beijo, WD-PATH: ./app/audios/[18-11-12 22:24:49]7972d3137a1f67dc787e58b52ce5c56a.wav [in ./app/tasks.py:19]
2018-11-12 22:25:25,273 INFO: ML API -> Predicted: 0 [in ./app/tasks.py:31]
2018-11-12 22:25:26,716 INFO: Speech API startup [in ./app/__init__.py:42]
2018-11-12 22:25:26,725 INFO: ML API -> EVAL-ID: 419, WORD-ID: 16, WORD: beijo, WD-PATH: ./app/audios/[18-11-12 22:24:49]8164f2775fe12ea572ae93a1542da9bd.wav [in ./app/tasks.py:19]
2018-11-12 22:25:27,653 INFO: ML API -> Predicted: 0 [in ./app/tasks.py:31]
2018-11-12 22:25:29,082 INFO: Speech API startup [in ./app/__init__.py:42]
2018-11-12 22:25:29,093 INFO: ML API -> EVAL-ID: 420, WORD-ID: 16, WORD: beijo, WD-PATH: ./app/audios/[18-11-12 22:24:49]872f103f5773c396685c23cc21f9a6bb.wav [in ./app/tasks.py:19]
2018-11-12 22:25:29,977 INFO: ML API -> Predicted: 0 [in ./app/tasks.py:31]
2018-11-12 22:25:31,472 INFO: Speech API startup [in ./app/__init__.py:42]
2018-11-12 22:25:31,481 INFO: ML API -> EVAL-ID: 416, WORD-ID: 56, WORD: bolsa, WD-PATH: ./app/audios/[18-11-12 22:24:50]2e07aa0479f4fc7e6664d26b811c128a.wav [in ./app/tasks.py:19]
2018-11-12 22:25:32,428 INFO: ML API -> Predicted: 0 [in ./app/tasks.py:31]
2018-11-12 22:25:33,984 INFO: Speech API startup [in ./app/__init__.py:42]
2018-11-12 22:25:33,994 INFO: ML API -> EVAL-ID: 417, WORD-ID: 56, WORD: bolsa, WD-PATH: ./app/audios/[18-11-12 22:24:50]4fd5a306d30bf4c47823d4c0c437a213.wav [in ./app/tasks.py:19]
2018-11-12 22:25:34,863 INFO: ML API -> Predicted: 0 [in ./app/tasks.py:31]
2018-11-12 22:25:36,396 INFO: Speech API startup [in ./app/__init__.py:42]
2018-11-12 22:25:36,405 INFO: ML API -> EVAL-ID: 418, WORD-ID: 56, WORD: bolsa, WD-PATH: ./app/audios/[18-11-12 22:24:50]8a05a6b15fd8edb816bc7817ed2c28cf.wav [in ./app/tasks.py:19]
2018-11-12 22:25:37,355 INFO: ML API -> Predicted: 0 [in ./app/tasks.py:31]
2018-11-12 22:25:38,811 INFO: Speech API startup [in ./app/__init__.py:42]
2018-11-12 22:25:38,821 INFO: ML API -> EVAL-ID: 419, WORD-ID: 56, WORD: bolsa, WD-PATH: ./app/audios/[18-11-12 22:24:51]614bd8fba222a2b4d32afa4ffc9ea3fc.wav [in ./app/tasks.py:19]
2018-11-12 22:25:39,688 INFO: ML API -> Predicted: 0 [in ./app/tasks.py:31]
2018-11-12 22:25:41,125 INFO: Speech API startup [in ./app/__init__.py:42]
2018-11-12 22:25:41,138 INFO: ML API -> EVAL-ID: 420, WORD-ID: 56, WORD: bolsa, WD-PATH: ./app/audios/[18-11-12 22:24:51]2bf98796292f126d3e31470c865dadb8.wav [in ./app/tasks.py:19]
2018-11-12 22:25:42,015 INFO: ML API -> Predicted: 0 [in ./app/tasks.py:31]
